#define Q "."
#define nc "i"
#define oc "l"
#define _ "e"
#define Z " "
#define Fg "\""
#define Ta "j"
#define Qb "c"
#define $a "p"
#define b "\n"
#define U "t"
#define lb "x"
#define D b Q
#define B "s"
#define Re "o"
#define fe "n"
#define xb "r"
#define z "d"
#define Zb "a"
#define f "1"
#define i ","
#define Ec "S"
#define $ "b"
#define td "L"
#define Da ":"
#define qf "u"
#define Ea "v"
#define Xf "in"
#define Vi Ac oi D
#define j "2"
#define q "_"
#define if "N"
#define g "5"
#define h "6"
#define pl "cast"
#define c "4"
#define w "E"
#define Wi _f $j "4whatEv"
#define t D td
#define d "3"
#define e "9"
#define v "7"
#define $c "("
#define Nc ")"
#define n "%r"
#define Se "re"
#define rb "-"
#define gn ee j Lc fa
#define Fc kf f
#define jf "m"
#define o "si"
#define a "8"
#define jc "I"
#define k "0"
#define E f h
#define re "cpp_int"
#define fa "_ZN"
#define ye p ".LFB"
#define $b d c
#define Ia Da b gd
#define Pc ".L"
#define l $c n
#define yb Nc sa
#define Ja "q "
#define ld "$"
#define Ib n W
#define If "cmpq $"
#define hb $c Pd
#define cc i n ib
#define s fb Ja
#define Gh j g h hb
#define ug Nc Xb
#define vg "mp"
#define p Da b
#define Ie Se U D Ek
#define vi Da D B
#define _c "ize "
#define rf fa on
#define La ",.-"
#define Gc D gn
#define Gg "K" Fc
#define ge c sj kb f
#define ql "ckend"
#define wi yn Ul E bn "E0ELNS0_18" re "_check_typeE0Ev"
#define yn "ILj2048ELj2048EL"
#define Hg "NS"
#define he w w
#define Jb ",@function\n"
#define Fb fa Gg
#define Yf ye a e
#define P "l "
#define W "ax\n"
#define Wa "e .L"
#define Jf "dec"
#define Wd "%" _ W
#define u f j
#define mb "%e"
#define ib "ax"
#define C b s
#define m i n
#define zn z _ Qb T W s
#define sf cc Me
#define Xi "cmpq "
#define Kb i qe
#define Ba Ta Wa
#define xa Xi n
#define _b i Eb b
#define sb Pc f
#define Zf P Ld Wd
#define Fa i Wd
#define Yi Jf P Wd
#define A f c
#define rl Fb ge ak
#define Sj "tion"
#define Ul "NS0_"
#define ie j k
#define mk "lea"
#define Tj w Ea Jb
#define Lb "Ev"
#define Ra b cb
#define Uj "offset "
#define Mb "di"
#define oa "bx\n"
#define H Nc m
#define gb "test"
#define T Ja n
#define wc Mb m
#define G Mb b
#define dc f a
#define pa Nc b
#define nk "%al"
#define Xb b Ta
#define sl n $ lb tb
#define se vi _c
#define xi Xd Zi "releaseEv"
#define Zi Te uo
#define tl "add_ref"
#define Hh w Ea ye e
#define $i hb yb
#define yi l ib pa
#define ec Pc j
#define Xd fa kf E
#define _i Xd Zi tl Lb
#define Te Ue q yl
#define qh "boost"
#define Ue "excep" Sj
#define Qc j h
#define ra j p
#define cb ".cfi_"
#define ul "startproc\n"
#define An "personality"
#define Ca j b
#define Gb "push" T
#define vl ",-16"
#define Rc "def_cfa_" Uj
#define F j c
#define Oa Ra Uj
#define y f d
#define O d j
#define tb Ra Rc
#define K C n
#define Pa u b
#define rh Gb $ lb tb
#define la c a
#define zi Oa th
#define wl K Mb m oa
#define md "q $"
#define X c k
#define sa i Ib
#define M fb T ga
#define zb je Zf
#define Sc "$0,"
#define Sa a l
#define db B qk
#define Ai "leaq"
#define Cd "sp)"
#define ma "bp"
#define Ve _ Z ec
#define r Ai Z
#define te l Cd
#define eb Da C
#define aa m "di"
#define na l db
#define ya "call "
#define Dd "1:\n"
#define Ub t j
#define ga ib i
#define Bc "bx)\n"
#define fb "mov"
#define Ua d j l
#define Tc Nc Fa
#define Ka fb P
#define Ld mb ga
#define N "bx"
#define x s n
#define wg aa C n
#define Hb l Bc
#define Bi ".LEH"
#define Aa b ya
#define ud aa Aa
#define kc Cd m
#define je "xor"
#define Ih n y aa
#define Jh ya xi
#define Qa n ib i
#define aj "1:" K
#define Je aa b za
#define hn p "cal"
#define tf nd sl
#define nd "popq "
#define Oc "%rbp"
#define ub b nd n
#define ok f d tb
#define Ci a b Ie
#define xl "_gxx_" An "_v0"
#define Kh b Q B rc
#define Lh "\",@progbits"
#define Bn "byte 0xff" D
#define xg " .L"
#define sh "LSDA"
#define Di ".LLSDACSB"
#define Md "uleb128 .L"
#define za Bi "B"
#define Vl J "2662\n."
#define Ma D Md
#define Ed "EHB"
#define $f "EHE"
#define V rb za
#define Wl ".LFB2662\n" vd
#define vd Q Md
#define ze "uleb128 0"
#define kf g qh
#define yl "detail"
#define ue "unsigned"
#define Ab f v
#define Ei Tj fa
#define bj kf h yl "18lcast_put_" ue jc Cn "ycE17main_convert_loop"
#define ia "cx\n"
#define Za Pc c
#define Cc P mb
#define ca "dx\n"
#define ka "cx"
#define pc i ce
#define Ig "b %"
#define Hc s Sc
#define dd hb pa
#define Yd kf A sj
#define I f f
#define Cn "St11char_traitsIcE"
#define Mh Yd h yl "17read_string_whileERSiRKNS" U ag
#define Uc cb An " 0x9b," Fh Ra "lsda 0x1b,.LLSDA"
#define Xl b Gb ok
#define Fi "12,-"
#define qb "dx,"
#define Kf "6,-"
#define th "3,-"
#define pk c k K
#define Jg je P mb Ki
#define Rb m B $a tb
#define ha b Ai Z
#define Y te m
#define lc Sa db
#define Bb c p
#define Zd ke vb
#define Va "cmp"
#define nb $ Z
#define qk "p)\n"
#define fc $c Nd
#define ed yb s
#define mc H G
#define uh hn P q
#define yg "St1"
#define Nh "Ic" Cn
#define qc P ld
#define Sb "-1"
#define Xa b fb P
#define qa i mb
#define _f "_ZNK"
#define fd "St"
#define ag jk "12ba" ln Nh "SaIcE"
#define ke "@PLT"
#define Dn Xa n u z qa
#define bg Ka "$1"
#define Cb fa Ec
#define _a ke b
#define $d "jmp "
#define Lf je Cc
#define ea Xb vg xg
#define wd g k
#define Tb Da b fb
#define ac "jn" Wa
#define da v b
#define We "or"
#define jb "7:\n"
#define Kg rb F l ib
#define vh x Id
#define Xe fa og
#define od _a s
#define Nd "%rbx"
#define ta h p
#define Ye jb s
#define rk "%fs:40"
#define uf x ma
#define sk b Ff Il
#define Vj $ $a tb
#define cg Pa cb Rc
#define Ze "8159"
#define rc "ection ."
#define to "gcc_except_table"
#define lf Bn Bn "byte 0x" f Ma zg
#define Vc rb Di
#define _d Ma Ed
#define zg sh "CSE"
#define tk oi D B _c
#define Db "_Z"
#define pd k ig uk
#define Nb l nc $a yb
#define Lg rh E Oa d vl wl
#define Od "addq "
#define Oh M rb
#define xc "endproc\n.LFE"
#define Ph "9598"
#define Mg Da D lf
#define $e t sh "CSB"
#define En Fc pd "D2"
#define Ae Fc pd
#define cj fa Ae ja
#define ua "_ZT"
#define wh Le if Ae
#define ja "D1Ev"
#define Vb ye e
#define Yl ua wh ja
#define Mf D "set "
#define Wj q if Ae
#define Be "THUNK"
#define Qh "_ZThn" F Wj
#define _e fa Ae
#define xd "C2ERKS2_"
#define zl ha "16+" ua Qe
#define yc ma b
#define Ng "runtime" Tg
#define dj Nf e Ue w Nb
#define Gi N H G
#define vf l $ $a yb
#define Ke g h l
#define Nf r "16+" ph kf
#define R f k
#define Xj Od "$48" sa M
#define qd Od ld
#define Hi b Se U D
#define va a p
#define Og ya q Fj
#define J "-.LFB"
#define Wc Ma $f
#define af D ze _d
#define Pg D Tf t zg
#define Rh Gc Gg
#define Xc "980"
#define Ic Ka ld
#define Ga m "si"
#define gc K ga
#define Pd n Mb
#define Jc uh "ZN"
#define dg "C1ERKS2_"
#define vb b Bi w
#define Na l Ee
#define bf if Ui
#define cf o C "%"
#define Sh "throw"
#define mf Da Ra
#define Yj to t sh
#define uk "IS" Ni w
#define Th "RK"
#define L f g
#define Ii "loca"
#define Uh kf L Sh q Ue uk "EvRKT_RKNS_15source_" Ii Sj w
#define gd cb ul
#define Zl E Oa Fi E
#define $l O Oa th O
#define eg "__cxa_"
#define in "allocate" q Ue od
#define xh Qa n oa
#define ej ha Sa Gi
#define _l "C2" nj q _a
#define am Hb Xj Sa Bc qd X sa M F l Bc
#define Yc Ka Ld
#define Zj ke Ra xc
#define fg Q B _c
#define ab ya fa
#define le Xa ld
#define wf h c qa
#define df Mf Pc Be
#define wa "D0Ev"
#define bm "1:" b gd
#define fj B Ad a aa ea
#define cm D Ek "990"
#define vk Ri "hn"
#define gg wa Jb
#define wk wa Vb e k
#define dm B Ad F aa ea Be
#define Qg wa La
#define xk Lc fa Yd
#define Rg "con"
#define Vh "13std_constexpr4copyIPKyPyEET0_T_S7_S6"
#define hg "\nadd"
#define hd l ka
#define ad "sub"
#define Wh se fa
#define em Gc Fc h
#define Wb "bad_lexical_" pl
#define fm "D2" Ei Fc
#define ae "D2Ev"
#define yk Xd Wb ae
#define $j kf f h Wb
#define gm b tf Ch Jl Zj
#define jn "INS_" f h Wb he
#define Al E Oa Kf E
#define hm zl h Te ll w Nb
#define Bl B Ad a Rb
#define im rb Ua Mb pa
#define zk l o yb
#define yh "movq 2"
#define Ak kf E Te
#define uo "12refcount_ptrINS0_20error_info_containerEE7"
#define ig "wrapexcept"
#define Cl "remember_state" tb F
#define Sg "restore_state"
#define xf "9795"
#define id Db ve
#define Fd Fc Kc
#define Kc k ig jn
#define yd v Se Sh
#define yf Gb $ $a tb
#define Fn Kl d Ca ya eg in Oc pn
#define Bk Na ca r Pb
#define sc if Fc
#define gj Na o b Ji
#define Gn Mi eg "free" q Ue _a vh q Fj
#define Ya "979"
#define jg v Da D
#define Ck p zh fa
#define ve sc Kc
#define hj ja Jb ua
#define Le "hn8_"
#define Dk ja Vb e k
#define ij ua Le ve
#define ob $d Pc
#define Ek "cfi_" xc
#define Dl "hn32_"
#define tc v j
#define jj ua Dl ve
#define jm xc "990"
#define Fk kj Tg w
#define kj "4overflow"
#define Tg "_error"
#define km "D2" ik
#define Ji x N Je
#define lm mf xc e a
#define Ug e a R
#define mm Da D Md Ed
#define lj Fc k ig
#define Gk jc yg Fk
#define me lj Gk
#define kn k ig jc yg
#define uc kn Fk
#define zd fa lj Gk
#define Hn p ya eg Sh ke t
#define Ce Q B rc Yj
#define Qd vd $f
#define zh Q oi D B _c
#define mj "9251"
#define ne sc uc
#define kg "hn24" q ne
#define Xh ua Le ne
#define nj "ERKS"
#define Ag kb u re "_base" wi "Lb0EE"
#define oj b s ba
#define zc ca x
#define Gd pa fb
#define ba j Ke
#define we Nc qa
#define Eb n ka
#define oe Yd Ag
#define _j h il nj g q
#define Yb fa Yd
#define Yh Jb fa
#define lg "6resizeEjj.isra.17"
#define Vg Va qc
#define zf La Yb
#define Bg Li wi w
#define pj wm mn Ln "y"
#define Hk b x wc
#define Ik b x o m
#define Ad "ubq $"
#define Rd l "dx"
#define be "10,%r"
#define ce mb ca
#define jd je P n
#define Ah z b fb
#define Me ",8)"
#define Hd "inc"
#define In jd R z m R z
#define nm Xb Wa f
#define Zh "salq $3,"
#define nf we o b
#define Of ab oe lg
#define Sd "\ncmp"
#define De "be "
#define Ki "dx,%e" zc
#define Li re "_ba" ql
#define Jn "IXT_EXT0_EXT1_EXT2_ET3_EE"
#define rd "$1,"
#define bb e b
#define qj Hd Ja Ib
#define Af e p s
#define Td mk P
#define wb qb n
#define rj "4eval_increment" wi "EENS_11enable_if_cIXntsrNS1_18is_trivial_" re Kn Jn "EE5valueEvE4typeERS9"
#define Bf "string"
#define sj vn "on"
#define Zc p bk
#define Bh "type "
#define kb a Qi
#define Jk "stexpr"
#define Kn "INS1_15" Li
#define Ln "_EEvRT_RKT0_RK"
#define om "256(%rd"
#define mg n a z
#define hc "\njn"
#define Cf je Cc "dx" pc
#define Wg Gb f Ca cb Rc
#define pm O Oa Fi O b Gb $
#define Xg N aa C
#define ak g Bg "16compare" q ue yn "S3_0ELS4_0EvEEiRKNS2_" Jn
#define vc g f
#define $h hc Wa f
#define Yg n I i n
#define Zg n R z
#define $g Lf ka kd
#define Df m "cx,8)"
#define Mn A z m A Ah Ja
#define de "andl $"
#define _g l ib H
#define pe E te
#define ng i a pa
#define Nn jd u z m u z
#define ef We T
#define tj "jne .L1"
#define _h hg md
#define ai "restore "
#define El ok E ub A Ra
#define Pf Yd kb
#define Ee nc $a H
#define Fl "_fail" ke t
#define qm D B rc Ll b pf
#define ln "sic_" Bf
#define og Ec Tm
#define Kk b Gb $ lb tb
#define bi b B Ad
#define Qf la b
#define bc gb T
#define ic "%rsi"
#define ci "notq "
#define Dc Y W
#define ff Ai " .LC"
#define Lk x u Kb
#define uj fb nb Sc
#define di "C2EPKcRKS3_.isra.50"
#define rm g Bg On
#define sm Va Ja rd
#define Mk a hb pa
#define Ef qa o b
#define Nk Yb Ag lg
#define On ie Vm "arithmeticEoRK" bo ".isra.59"
#define tm "ing \""
#define Ac Fg D
#define Gl "divide"
#define mn Kn wi "EES6"
#define Cg Cm Bm "y" Dm
#define Ok Sn A vl b Gb y tb F Oa "13,-24"
#define ei s rk sa M
#define vj Qb lb Ga
#define Pk r f bd
#define Rf wg ga
#define Qk Pf j Cg
#define Sf d D td
#define kd qa ia
#define Ne Ga K
#define Id ma ud
#define Rk Yb Ag _j
#define Sk Na cf xb
#define Pn Cb U f kj Tg
#define ah "EPKc"
#define fi "ne .L"
#define wj k l $ qk
#define xj "divq "
#define Ff ya q q
#define Tk Yb kb L Bg On
#define pg K N aa
#define um M n cf xb
#define Qn Ff "udivmodti4" od
#define gi H ia
#define Gf k l ma
#define hi l ib nf Of
#define yj Jf Ja
#define bh Oc aa
#define Mi K N ud
#define ch "rep stosl"
#define qg C "$1,"
#define Ud Db Oi
#define Uk sn i n ib Dh
#define gf e h L
#define vm D Tf _d
#define wm "add_" ue
#define dh fa Pf j
#define xm q Rg Jk mn "_S6" Ln "T"
#define Rn $a tb X Oa Kf X
#define ym "\nadcq %r"
#define zm b tf X b al O ub u tb F ub El Rc
#define Hl "cmov"
#define eh Xb Ve
#define Dg nb ec
#define Am p "addq $"
#define nn j re "_base" wi "Lb0EE9normalizeE"
#define zj j wm xm
#define bk ".str" tm
#define Hf Ac "LC"
#define Bm "_EEvPT_RKT0_"
#define Cm j Gl q ue "_helper" mn
#define Dm "RS7_"
#define Sn Ra Rc E Oa
#define Vk Cd b zb
#define Em "rep movsl"
#define fh h l db
#define Wk r a k Y
#define of Cm "_S6" Bm "RKT1_" Dm
#define Xk d d fh
#define Fe b Oe
#define Aj hc Ve
#define gh Td Sb
#define hh Xb Zb xg
#define ii N aa Aa
#define Bj "225" Ub
#define Yk a k Y G
#define Ob d h
#define Cj b mk P
#define Fm Yb kb j mi f q
#define Zk Va nb Sc
#define Ha Pc d
#define ih Va md k i
#define Gm b Jf T
#define Oe ob d
#define Dj Da b gb
#define Tn ha Ud j of sd Na ia
#define Un ff h l Ee o b ff
#define ck "\nsub"
#define ji x y i
#define Ej "80(%rsp,%r"
#define $k qb a pa Hd P Wd
#define _k a Y W
#define ki Ka mb
#define Vn gb "b %dl,%dl"
#define Hm b gb Ig
#define Im b zb ec
#define Wn p r a k Y zc
#define li ca Ta
#define Jm Hl "a %e"
#define mi "7subtract" q ue xm
#define Xn u i ic K ii rl b gb Zf Ta
#define Km ga Ib Ta
#define qe n ca
#define on Fc ge nn Ea
#define Il "stack_chk" Fl
#define al nd Oc tb
#define Lm b yf Al
#define pn Ne ga Pd C xh za
#define Mm H o ha
#define ni "20copy_" qh q Ue "EPNS_9" Ue "EPKS1_"
#define vo cb Cl b tf E ub Vj a Hi td
#define Jl "_ZdlPvm"
#define Fj "Unwind_Resum" _ Zd
#define bl "2-" za
#define Tf ze D ze
#define Nm Xc a Wc j
#define Yn C fc yb x ii "*24" yi
#define Om Ya a Wc j
#define Pm Q Tf t zg
#define Vd "5cloneE"
#define Gj Kk F Oa th F K wc yc Ic
#define Kl qa G Bl
#define Zn sa nd qe vo
#define Qm J Ya d D Md $f d
#define oi "text"
#define cl "GLOBAL__sub_I_a"
#define Rm "_ZStL8__ioinit"
#define Ch "8\njmp "
#define ee "align "
#define Ll dn ".str1.1"
#define $n "/usr/include/boost/boost/" sj "/" re
#define Jd "quad "
#define S b Q Jd
#define pb k k
#define dk k D Jd R pb
#define ek pb dk pb
#define pi pb ek pb
#define Hj "rsINS0_" kb L Bg "ELNS0_26expression_template_op" Sj "E0EEERSiS8_RNS0_6numberIT_XT0_EE"
#define _n Sn L vl b Gb f c tb F Oa "14,-24"
#define Sm N Kb x u Ga
#define pf ".LC"
#define jh $d Za
#define Tm U ag w
#define qn Aa Cb U
#define Pe "10_M_disposeEv"
#define hf Ai " .LC1"
#define rn "PK" Qb _a
#define Ml "\nrep"
#define Nl "$48,"
#define qi "cmpb $"
#define Um Va nb Nl
#define ao Ml "nz scasb"
#define rg je Cc o qa o b
#define Dh Xb Wa
#define kh h g h l Cd
#define Vm "do_" il q
#define bo "N4mpl_5bool_ILb0EEE"
#define Wm Hd T L
#define co gb nb nk i nk Xb
#define Ij "ne .L4"
#define dl r X k l kc
#define el "00000000"
#define do te ha Ud Ol sd Na W s Nd Rf
#define Ni U f d Ng
#define fl n ib gc
#define gl h g fh
#define Eh b fb nb
#define fk n a b
#define hl oe "6negateE"
#define eo ya Cb U f d Ng
#define lh qn ag w
#define sn je Ja rk
#define Jj ya Cb Tm
#define fo g h b tf Qf al X b nd n cg O ub y tb F ub A Ra Rc E ub L tb Ci
#define Xm "9280:\n"
#define Ge "9280\n"
#define sg J gk
#define Kd Q ze _d
#define gk Ge Qd
#define ri c y J Ge Kd
#define go oi ".startup"
#define Kj "main"
#define Lc D "type "
#define ho O Oa "13,-" O b Gb cg X Oa Fi
#define io yf Qf cb Uj Kf c a Kk g h zi g h
#define mh Ic h a kd
#define Lj "4cout"
#define nh h c Y
#define Ym "8d,%r8d"
#define bd h l kc
#define tg tc na
#define il "assign"
#define si tc Y
#define ti "addl "
#define hk ",%cl\n"
#define Zm _f og "17find_first_not_of"
#define $m Wd "jn"
#define jo "insertEm" rn
#define ik Lb _a
#define Mj "6locale"
#define jk "7__cxx11"
#define ko "8numpunctIcE"
#define Oi "ZN" Pf
#define jl $d Pc g
#define Nj jf Qb _a
#define kl Bi w g
#define lo na ya Cb U ag w Pe od Dc
#define mo "t9basic_ios" Nh w
#define Pi "890"
#define cd Pi a b
#define _m J cd Qd
#define kk D B rc dn
#define Ol L Bg E Vm Bf ah Th bo
#define sd "E19__PRETTY_FUNCTION__"
#define Bd "::"
#define Qi "ba" ql B
#define an "ascii \""
#define He Ac an
#define bn re "eger_type"
#define oh " = "
#define Ri Lc "_ZT"
#define Si kf e Ue w
#define Ti ",@" xn
#define Uf if Si
#define cn ",\"aw"
#define Pb ua jc
#define ph "_ZTVN"
#define ll "10clone_base"
#define Mc Ti ua
#define Vf sc Rl
#define Pl Oj ph "10__cxxabiv"
#define wo "s_type_infoE+16" S
#define no kk Ql "TSN"
#define tn "_clas" wo
#define ml "long "
#define dn "rodata"
#define Ql D ee O Lc Db
#define Ui Fc pd w
#define nl Ac B rc lk Eg Pb
#define oo Pl "121__vmi" tn ua
#define po D ml k D ml d S Pb Vf S j S Pb
#define ui if Fd w
#define ol sc h Wb w
#define qo S ie wd S Pb Uf S
#define Eg D ee a D Bh
#define Oj Da D Jd
#define en eg "pure_virtual\n"
#define Rl h Te ll w
#define Qe "V" sc
#define Pj Oj k D Jd Pb
#define lk "data.rel.ro"
#define xo "void" Z xe Qi Bd
#define Wf "CppInt"
#define xe qh Bd sj Bd
#define Qj "CppInt1"
#define Rj "const "
#define un "2048,2048,"
#define vn "multiprecisi"
#define Sl bn ")0"
#define ro ">; " Wf j wn Tl "; "
#define wn oh xe Qi Bd Li "<"
#define Tl un $c xe Sl ">"
#define fn j mi f q sd
#define so Da D an Rg Jk Z xo
#define xn "object" D B _c
#define Fh "DW.ref." q xl
__asm__(".file \"ljf.cpp\"\n.text\n.section .rodata.str1.1,\"aMS\",@progbits,1\n.LC1:" D "string \"bad lexical cast: source type value could not be interpreted as target" Vi "align 2" D "type _ZNK5boost16bad_lexical_cast4whatEv,@function\n" Wi Da t "FB3497:\n.cfi_startproc\nleaq .LC1(%rip),%rax\nret\n.cfi_endproc\n.LFE3497:\n.size " Wi ",.-" Wi D gn Fc "4multiprecision8backends12cpp_int_baseILj2048ELj2048ELNS0_16" re "eger_typeE0ELNS0_18" re "_check_typeE0EvLb0EE9normalizeE" Ea Jb fa Fc ge nn Ea ye "8934" Ia ".L4:\nmovq 256(%rdi" yb "cmpq $1,%rax\nje .L2\ncmpq $0,-8" hb cc ",8)\njn" Wa "2\ndecq " Ib s n ib i Gh ug "mp .L4" t j p Ie "8934" vi _c rf La rf Gc Gg ge g re "_ba" ql wi "E16compare_unsigned" yn "S3_0ELS4_0EvEEiRKNS2_IXT_EXT0_EXT1_EXT2_ET3_EE" Jb Fb ge ak Yf "41:" b gd s ba o H W Va P Gh "),%eax\njne .L17\ndecl %eax\ncltq" t u p "testl %eax,%eax\njs .L14" C hb sf m "dx\n" zn a l o sf m "cx\ncmpq %rcx" Kb Ba u b xa "dx" _b ".L17:\nsbb" Zf "andl $2" Fa Yi "ret\n.L14:\nxor" Zf Ie "8941:" D B _c rl La rl Gc Fc "6exception_detail12refcount_ptrINS0_20error_info_containerEE7release" Tj fa kf E Zi "releaseEv" ye "9398" Ia "pushq %rbx\n.cfi_def_cfa_offset 16" Ra Uj "3,-16" C n Mb m oa s hb H Mb b gb T wc G Ba dc C $i "call *32(%rax)\ntestb %al,%al\nj" Wa f a C "$0,(%rbx)\n.L18:\npopq " sl a b Ie "9398" se xi La xi em Zi "add_ref" Tj Xd Zi tl Hh "490" Ia s hb Nc aa b gb T wc G Ba j h C $i "jmp *24" yi ec h p Ie "9490" se Xd Zi tl Lb La _i Lc fa kf E Te "20copy_" qh q Ue "EPNS_9" Ue "EPKS1_" Jb Xd Te ni ye Qc h ra cb ul cb "personality 0x9b,DW.ref.__gxx_" An "_v0" Ra "lsda 0x1b,.LLSDA2662\n" Gb A Ra Rc E Oa A vl b Gb f d Ra Rc F Oa "13,-24" b Gb f Ca cb Rc O Oa "12,-32" b Gb "bp" tb c k Ra Uj "6,-40" K o m Pa rh la zi la wl "subq $32,%rs" $a tb a k C a l o H o C "%fs:40" sa M F l "sp)\n" zb s Sc Sa db Ai Z Sa Cd m ma b bc o m o Xb Ve e C l o yb r E te m y K y m "di" t "EHB0:\ncall *40" yi ".LEHE0" eb "%rbp" aa C f bd A b za "1:\ncall " xi K ma aa C n A i a na ya _i b Bi w Dd s n y aa b Jh Ub e Da b yh c l u yb s a Y y K ga F l Bc fb P Ua u Tc Ka Ld Ua Bc fb Ja E l u yb r Sa N H Pa x u wg ga E Hb Bi "B" ra Jh K y i a Hb x u aa Aa _i vb ra x ma ud xi b yh c l kc W je Ja rk sa Ba O Aa "__stack_chk_fail@PLT" t $b eb Ih K ga n oa Jh "\njmp .L31\n.L33" eb Qa n oa Pc d aj Id xi K N Je d hn "l _Unwind_Resume" ke t "EHE3:\n.L32:\nadd" md O Rb la b tf X b nd Oc tb O b nd n Pa cb Rc F ub ok E ub A Ra Rc Ci "2662:\n.globl _" xl Kh "gcc_except_table,\"a" Lh t sh "2662:\n.byte 0xff" D Bn "byte 0x1\n.uleb128 .LLSDACSE2662-.LLSDACSB2662\n" Di Qc h ra Q Md "EHB0-.LFB2662\n." Md "EHE0-" za k D Md d d Vl "uleb128 0" Ma Ed f rb Wl $f f V f Ma $b Vl ze _d "2-" Wl "EHE2-" za Ca vd d d Vl ze _d d rb Wl $f d V d D ze D ze t zg "2662:\n." oi D B _c Xd Te ni La Xd Te ni Gc kf h yl "18lcast_put_" ue "ISt11char_traitsIcEycE17main_convert_loop" Ei bj Hh "743" Ia s a hb H o C $i Ka "$10,%r8d\nmovl 20" hb H "9d\nleaq -1" l o H ia Za Dd je Cc "dx,%e" ca x ka m "si\ndecq %rcx\ndivq %r8\naddl %r9d" pc "movb %dl,1(%rcx" pa gb T ga Ib "jne .L41" K o i a hb pa Hc dd x o m ib b Ie "9743" se fa bj Lb La fa bj Lb Lc fa Yd h yl "17read_string_whileERSiRKNSt7__cxx1112basic_stringIc" Cn "SaIcE" he Jb fa Mh he ye "8159" Ia Uc "8159" Xl E Oa "13,-16" b Wg F Oa Fi F K qb n y b yf O Oa Kf O b Gb $ lb tb X Oa th pk wc ma b Jg o m oa B Ad F Rb h c ha v Y G s rk sa M lc zb za Bb ya "_ZNSi6sentryC1ERSib" Zd Bb Va nb Sc v na r E l $ $a yb Hc Sa ma pa fb nb Sc E l $ qk M k l $ qk Ba c c C fc ed rb F l ib ed j Ua N cc mc za g uh "ZNSt15basic_streambuf" Nh "E5sgetcEv" ke t c h p Va qc Sb Fa "je .L50\nmovsbl %al,%r12d" b Jg y aa Xa n u z qa o Aa _f fd ag "E4findEcm@PLT\ninc" Ja Ib Ba c c Dn ca bg qa o K ma ud Cb U ag "E6appendEmc" _a s fc ed Kg H W yh Ua N cc mc ya Cb "t15basic_streambuf" Nh "E6snextcEv" _a $d Za h t c Bb Lf o qa o ea c g t wd Tb "l $2,%esi" t c g p Va md k i Sa ma pa ac "47\norl $4" qa o t c jb s fc yb "addq " Kg H oa s "%rbx" ud Cb "t9basic_ios" Nh "E8setstateESt12_Ios_Iostat" _ Zd g p $d ".L57\n.L5" aj ga n oa vh Xe "10_M_disposeEv" od Nd Je ta ya q Fj ta Pc g Ye a Y ia je Ja rk _b uf sa Ba c e sk c e p "addq $" F Rb X b nd sl O ub Vj F ub cg E ub ok Ci Ze vi rc to t sh Ze Da D lf Ze Vc Ze t sh "CSB" Ze Da D Md "EHB4-.LFB" Ze Ma $f c V c D Tf _d g J Ze Wc g V g Ma g f J Ze D ze _d h J Ze Wc h V h D Tf t zg Ze Da D tk fa Mh he La fa Mh he Gc Fc "0wrapexceptISt13runtime_errorED2" Ei Fc pd "D2" Hh g e a Ia Uc "9598" ha "16+_ZTVN" Fc pd w Nb Lg r Ua Mb mc M rb Ua Mb pa Od "$48" sa M rb F l Mb pa r "16+" ph kf e Ue w Nb Oh a hb pa Jh ha Sa N H G tf "8\njmp _ZNSt1" d Ng "D2Ev" _a cb xc Ph p Ce Ph Mg Ph Vc Ph $e Ph Da t zg Ph p zh fa En Lb La fa En Lb D "set _ZN" Ae "D1Ev," _e ae Mf ".LTHUNK9," cj Lc "_ZThn8_" if Ae ja ",@function\n_ZT" wh ja Vb a e e Ia B Ad a aa ea Be e Ra xc "9899" se Yl La Yl Mf Pc Be a i cj vk F Wj hj "hn24" Wj ja Vb e k k Ia B Ad F aa ea Be a Ra xc "9900:\n.size _ZThn" F Wj ja ",.-" Qh ja Gc Ae "C2ERKS2_" Jb _e xd Vb a k k Ia Uc "9800" b Wg E Oa Fi E zl h Te "10clone_base" w Nb r Sa Mb H Pa Gb $ $a tb F Oa Kf F K o m yc rh O Oa th O ha Sa o H cf xb Mb m oa s Qa dd x u ud Cb U y Ng "C2ERKS_" _a dj r Ua Gi M F l Bc fb Ja Ua ma ed Qa Ua N pa za jb ya _i vb Ye X vf M X Hb s la vf M la Hb Ka Ke ma Tc Yc Ke Bc Nf R ig uk w Nb M Hb Xj Sa Bc qd X sa M F l Bc nd Nd Ra "remember_state" tb F b al E ub cg a Hi "L62:\n.cfi_restore_state" C xh x u ud Cb Ni km x N Je va Og va cb xc e a pb vi rc Yj "9800:\n" Q lf "9800" Vc "9800" $e "9800:\n" vd Ed v J "9800" Wc v V da vd "62-.LFB9800" af a J "9800" Wc a V a Pg "9800:\n" Q oi D B _c _e xd La _e xd Mf _e "C1" nj "2_," _e xd Rh pd "7rethrow" Ei Gg pd yd Hh a k j Ia Uc Xc Ca Gb Vj E Oa Kf E b Gb $ lb tb F Oa th F K wc yc Ic h c qa G B Ad a Rb O Aa "__cxa_allocate" q Ue od Oc Ga gc Pd C xh za e Jc Ae dg vb e p r cj Na ca r ua jc bf Na cf xb N Je R uh "_cxa_" Sh ke t h Ye Qa Oc K N ud "__cxa_free_" Ue od Oc ud q Fj R mf xc "980" ra Q B rc Yj Xc j Mg Xc j Vc Xc Ca Di Xc ra Q Md Ed e J Xc Ca vd $f e V e Ma h v J Xc Ca Q ze _d f k J Xc Ca Qd R V R Pg Xc ra Q tk Fb pd yd Lb La Fb pd yd Lb Lc fa Fc g Sh q Ue uk "EvRKT_RKNS_15source_" Ii Sj w Jb fa Uh Vb g e ta gd Gb f Ca cb Rc Zl b yf F Oa Kf F K wc Pa rh $l Xa ld h c qa G x o m yc ya eg in xh Nf E Te ll w Nb x u Ga ej M Hb ya Cb U f d Ng _l Nf R ig uk w Nb r cj Bk bf Sk N aa C Sc O Hb s Qa am s k vf M la Hb Ka E l "bp)," Wd Yc Ke Bc s Sa ma ed Qa X Hb ya eg Sh Zj "959" ta fg fa Uh La fa Uh Gc Ae "D0E" Ea Jb fa Ae "D0Ev:\n.LFB96" k k Ia Lg ab Ae ja K N aa le wf o b tf "8\njmp _ZdlPvm" Zj e h pb se fa Ae "D0Ev,.-" _e wa df I i _e wa Lc ua wh "D0Ev" Jb ua wh wa Vb e k bm fj Be I cm f vi _c ua wh wa La ua wh wa df "10," _e wa vk F Wj gg Qh wk j Ia dm R cm ra Q B _c Qh Qg Qh wa xk "13std_constexpr4copyIPKyPyEET0_T_S7_S6" q Jb fa Yd Vh q Yf d e Ia s "%rdx" _b x wc W Pc v g p Va T ga n o Xb Wa v c C l ib H a hg md a _b qd a sa x "8,-8" hd Nc ea v g t v c p ad T wc o ha l "dx" Ga H ib b Ie "8939" Wh Yd Vh q La fa Yd Vh q em Wb fm h Wb ae ye "349" e Ia Nf E Wb w Nb M dd $d Cb "t8bad_" pl ae Zj "349" e se Xd Wb ae La yk Mf fa $j ja i yk em Wb gg Xd Wb wa ye d wd bm Lg ab $j ja pg le F qa o gm d wd f vi _c Xd Wb wa La Xd Wb wa Gc lj "INS_" f h Wb he xd Jb fa Fc k ig jn xd Vb v e g p gd Uc "9795" b yf Al hm rh F Oa th F K Mb m oa r X hb mc x o m yc Bl O gc rb X dd Nf E Wb w Nb M im s E zk Oh F l Mb pa yh c l o ed Qa Sb h hb pa dj Oh Mk s X zk M dd za I Jc Ak uo tl Lb vb I eb la vf M la Hb s Ke ma ed Qa Ke Bc Ka h c l $ $a Tc Yc "64(%rbx)\n" Nf R ig jn w Nb M Hb Xj Sa Bc qd X sa M Ua N pa nd Ib cb Cl b tf E ub Vj a Hi "L8" Dd cb Sg ej M Oc Aa yk K ma Je u p Og u p cb xc xf p Ce xf Mg xf Vc xf $e xf Da D Md Ed I J xf Wc I V I Ma a f J xf af u J xf Wc u V Pa Q Tf t zg xf Da D tk id xd La id xd Mf fa Fd dg i id xd Rh Kc yd Tj Fb Kc yd Hh v e v Ia Uc "9797\n" yf Al Gj v j Fn y Jc Fd dg vb y p r id ja Bk sc Kc w gj A p ya eg Sh ke t a ta M Oc Gn A p cb xc Ya jg B rc Yj Ya jg lf Ya v Vc Ya v $e Ya jg Md Ed y J Ya v Wc y V y Ma a h J Ya v af A J Ya v Wc A V A Pg Ya jg tk Fb Kc yd Lb La Fb Kc yd Lb Gc Fd fm Kc ae Vb v k ta gd Uc "9706" zl Kc w Nb Lg r X hb mc Oh X dd Xj im dj Oh Mk Jh ej tf Ch yk Ra xc "9706:\n.s" rc Yj e v k ta Q lf "9706" Vc "9706" $e "9706:\n.LLSDACSE9706" Ck Fd ae La id ae Mf fa Fd ja i id ae df y i id ja Ri Le ve hj Le ve Dk d Ia fj Be f d Ra xc "9903" se ua Le ve ja ",.-" ij ja df u i id ja vk O q ve hj "hn32_" ve Dk Bb gd B Ad O m G ob Be Pa Q Ek "9904:\n.size _ZT" Dl ve ja ",.-_ZT" Dl ve ja Gc Fd gg id wa Vb v k a Ia Lg ab Fd ja pg le tc qa o gm "970" va fg id Qg id wa df L i id wa Ri Le ve gg ij wk g p gd fj Be L cm g p Q B _c ua Le ve Qg ij wa df A i id wa Ri Dl ve gg jj wk ta gd B Ad O m G ob Be A Ra jm ta fg jj Qg jj wa Gc Fc kn "4overflow" Tg w xd Jb fa lj jc yg Fk xd Vb a f k Ia Uc "981" k b Wg Zl hm r a hb H Pa yf F Oa Kf F K o m yc rh $l ha a l o H o wl M dd x u ud Cb Ni _l r "16+_ZTVSt1" kj Tg Nb r Ua Gi M Sa Bc dj M F l Bc fb Ja O vf M Ua N pa za L p ya _i vb L eb X vf M X Hb s la vf M la Hb Ka Ke ma Tc Yc Ke Bc Nf R ig jc yg Fk w Nb M am nd Nd Ra Cl b al E ub cg a Hi "L9" Bb cb Sg C xh x u ud Cb U f kj Tg km Ji E p Og E lm R p Ce e a R Mg Ug Vc Ug $e Ug mm L J Ug Wc L V L Ma e c J Ug af E J Ug Wc E V E Pg Ug Ck lj Gk xd La fa lj Gk xd Mf fa me dg i zd xd Rh kn Fk yd Tj Fb uc yd Hh a f j Ia Uc e a Pa yf Al Gj h c Fn Ab Jc me dg vb Ab p r zd ja Bk sc uc w gj dc Hn e e eb Qa Oc Gn dc lm u p Ce e a u p Q lf e a u Vc e a Pa Di e a u p vd Ed Ab J e a Pa Qd Ab V f da vd e e J e a Pa Q ze _d f a J e a Pa Qd dc V dc Pg e a u p zh Fb uc yd Lb La Fb uc yd Lb Gc me fm uc ae Vb j g bm Uc "9251" zl uc w Nb Lg r Ua "di)" Rf im Xj rb F l Mb pa dj Oh Mk Jh ej tf Ch Cb U f kj Tg km cb xc "9251" p Ce mj Mg mj Vc mj $e mj Da t zg mj p zh zd ae La zd ae Mf fa me ja i zd ae df f i zd ja Ri Le sc uc hj Le ne Dk v Ia fj Be f D Ek "990" jg B _c ua Le ne ja ",.-_ZT" Le ne ja df k i zd ja vk F q ne hj "hn24" q ne Dk a Ia dm k Ra jm va fg ua kg ja ",.-_ZT" kg ja Gc me gg zd wa Vb j g d Ia Lg ab me ja pg le h c qa o gm "925" d se zd Qg zd wa df d i zd wa Lc Xh gg Xh wk e Ia fj Be d Ra jm e se Xh Qg Xh wa df j i zd wa Lc ua kg gg ua kg wa Vb e R mf ul dm Ca cb xc e e R se ua kg Qg ua kg wa Gc oe "6assignERKS5" q Jb Yb Ag h il nj g q Vb h R mf ul xa o m G Ba R g oj o H zc qb Gh Gd P ba o we ia "salq $3,%rcx\nrep movsb" t R g p Ie e h R Wh oe _j La Yb Ag _j Gc oe "6resizeEjj.isra.17" Yh oe lg Vb a c d Ia Ic O Fa Vg "32,%esi\ncmova %eax,%esi" Xa mb o Fa M dd Ie e a c d Wh oe lg zf Ag lg xk kb "12add_" ue "INS1_15" Bg "ES6_EEvRT_RKT0_RKy" Yh Yd kb u pj Yf c k Ia Gb f c Ok Hk I Ik ia B Ad a Rb O b xa o m G Ba R e Xa ba o we o ha Gh "),%r" G ab oe lg t R e p s Rd yb je P n R z m R z gc n e b zb sb u p x be o b We T e i ic Dh "110\ncmpl 256(%r11)," $m nb sb I Xa Ld ce jd A z m A Ah Ja hd m "dx,8)" m y hg T "13,%r9\nadc" T A m R K "9,(%r11,%rdx,8)\ninc" P Wd x be e b In ea I Ca sb I p Va T ka m I nm y t I ta Ka ba ka we o b Zh Ib r $c Yg ib H ca r hd cc mc r hd Ga Me Ga Aa fa Yd Vh q K be W ef e i n ib Dh I c t I d eb ba I H ca r ba I mc mk P f Rd nf Of Sd Cc qb ba I ug De sb A Xa mb Ki e i $c Yg qb a pa sb A Da b nd Ib cb Cl ub El Rc a C n I i n G $d rf t I k p cb Sg b xa ka m I nm A ea I h Ra xc a e X Wh Yd kb u pj zf kb u pj xk kb "14eval_increment" wi "EENS_11enable_if_cIXntsrNS1_18is_trivial_cpp_intINS1_15" Li Jn "EE5valueEvE4typeERS9" q Jb Yb kb f rj q Yf d ta gd B Ad F Rb O b ei lc zb s hb H W s rd na If Sb sa Ba I bb qj M dd ob I a t I Af "%rsp" Kb x wc o Aa Yb kb u pj t I va s a Y W Uk u f sk u f Am F Rb Ci "893" ta fg Yb kb f rj q zf kb f rj q Gc oe "6negat" _ Ei oe "6negateE" Ea Yf O p gd s "256" $i sm Ib "jne .L124" b ih dd Ba "123\n.L124" Tb P Ld mb ia Yc Wd Bl E ha l "di" sf m ca zb sb j jb Td hd cc nf Vg "31,%esi\nja .L12" h C Sc l wb ga a pa Hd Ja Ib ob u da sb j ta s ld O i Gh pa zb ".L128:\nnotq " hb cc ng qj If O m ib $h j a Aa rf ub W cb Rc Ch Db sc ge rj q t u d p Ie "893" ra Q B _c Yb Ag "6negateEv,.-" fa hl Ea D B rc Ll b pf ra Q Bf " \"/usr/include/boost/boost/" sj "/" re "/add_" ue ".hpp\"\n.LC3" Zc "0 == borrow" Vi Bh Yb kb "27subtract" q ue q Rg Jk Kn wi "EES6_S6" Ln "T" f q Jb Yb kb j mi f q Yf F Ia s om lb H a oj o H W Va P Ld n a z Xa mg m R z b Hl De Ld mg b Jm ga n R z Sd qc f i mg hc Wa f $b C Rd yb s l o gi "movb $1,%dl" b xa ga Eb "\njb .L135" gc n ca x ka sa x "dx" _b Cf sb d g p ad T ka m W gb "b %dl,%dl" C "$1," Gh Gd T ga dd Ba E k ea E Ca sb $b p "push" T f c Ok Hk bb Wg pm lb tb X Oa th pk o m oa x Xg "%rdx,%rsi" K wb I b B Ad X Rb a k Aa _f Fc ge ak ha ba e mc Yc ce Ka mg qa o Aa Yb Ag lg b gb P mb Ki N Ga K I i n G "js .L151" $h g Ca s rd ba e pa Hc l e Nc ea y Ca sb vc Tb "b $1,%bl" ea y a t L ra x Xg Yg o b Lf N qa oa sb d va Lf ka qa ia jd I z m I z b jd u z m u z t A Dd Va Cc "cx,%r10d\nja .L13" e Xa Zg Fa $g Zh Ib r hb cc H o ha l e cc H y ea A k D td y Af l o m "cx,8)" sa s hb Df m y b jd Mn Sc lc x A m zc ga na x y i Ib ad Ja Y W "sbbq " a Y ca ad Ja Yg W "sbbq %r12" Kb M l e Df b Nn K wb W Hd T ia de f i Wd M n I ea A f t E d p Va P n a z Fa "jnb .L143" C l o Df sa Hc F na r Sb _g zc ga pe C f bd W s n qb k l y i Eb ng yh c l kc ca qd Sb sa "adcq $-1" Kb Nn b Hd T ia x wb W de f i Wd M n I t A k p x u Kb Td l be ka we W ef I i n ca tj h d ea A Ca sb c d p Ba A da xa "di" m bb Ba A da Pc A e p Zh Ib Ka mg m a z ha l "di,%r8" Me Ga ha l e cc H ca Od Qa Pd Aa fa Yd Vh q K u sa ef I i n ib $h c da Pc A c eb n e ud rf b gb "b %bl,%bl" nm O _h X Rb X b nd Nd Ra "restore " d tb O ub Pa cb "restore " cg F ub f d Ra ai El ai A Ra Rc a t E ra $d fa hl Ea t A v mf Rc a k zi X Oa Fi O Oa "13,-24" Oa A vl b r "_ZZN" Pf j mi "1_E19__PRETTY_FUNCTION__" Na ia Ai " .LC2(%r" Ee o ha ".LC3" Na G bg g a pc ya "__assert" Fl A ra Va P n a z Fa Ta Wa "144" b xa z nc m bb Ba A c ea A bb sb d ra qd X Rb X b nd sl O ub u tb F ub El Rc a Hi "L160" mf ai d Ra ai Pa ".cfi_" ai f d Ra ai A b Ie a e F Wh Pf j mi f q zf kb j mi f q qm Bb ".str" tm "ba" ln "::_M_construct null not valid" Vi gn og "C2EPKcRKS3_.isra.50" Yh og di Vb a v ta gd Wg Zl b yf F Oa Kf F Kk $l bi E Rb Qf ei lc zb r E $i bc o m o gc dd Ba "165\norq $-1" _b zb s n Mb m oa s ic wg o m yc "repnz scasb" K ka Kb ci n zc qb Eb b Jf T ia If L i Eb ha l o m "cx" H Pa x ka i na "jbe .L167\n" x "sp" Ga b Jg N aa lh "9_M_createERmm" od Qa Hb s Dc M E Hb ob E da sb h g p ff c l Ee G ya "_ZSt19__throw_logic_errorPKc@PLT\n.L16" jb s fc mc Lk uf Ga Aa Xe "13_S_copy_charsEPcPKcS7_" od Dc s fc H zc ga Sa Bc uj Rd cc Gd Ja a Y W Uk E a Aa q q Il E va qd E Rb O ub $ lb tb F ub Vj E ub cg a Hi Ek "987" ta fg Xe di La Xe di Gc Fc ge g Bg "20do_assign_arithmeticEoRKN4mpl_5bool_ILb0EEE.isra.59" Yh Fc ge rm Vb a a g p gd sm n zc o i dd x qb Mk "sbb" Cc o qa o _h "256" aa b ti "$2" Ef $d Nk Ra xc "9885:\n" fg Yb kb L Bg On zf kb f rm qm "5:\n.string \"Integer Division by zero.\"\n.LC" ta ".str" tm $n "/divide.hpp\"\n.globl __udivmodti4\n.LC" jg Bf " \"r.compare(y) < 0" Vi Bh dh j Gl q ue "_helper" mn "_EEvPT_RKT0_yRS7_" Yh Pf j Cg Vb h L Ia Uc e h L b Gb f c Ok Ik a b Wg pm Rn K wb Pa rh la zi la Hk yc x ka m oa B Ad "304" Rb d g Ca ei "296" l Vk xa o m G Ba "194" b xa vj $h v c t "194" p r f bd G s n a Ga le wf ia "rep movsl" oj "8)" sa Pk cf xb N _b Lk uf Rf j v j l db za f e Jc Qk ea Ab Sf Ab Bb Va T ka m G ac Ab da Pk oa Pk G zb Ic h a kd "rep stosl" K ma wg N _b s rd j tg ab Qk K N Ne Id Rk b ob Ab Sf Ab jb bc wb ca tj v a ha E Y yc ff g Sk Id Pn "C1" ah Zd f e Tb qc h c qa G ya eg in Qa Nd hm uf Ga ej M Hb eo _l Nf R ig Gk w Nb r Db ne ja Bk sc uc w Na o C Sc Ua Bc "movl $340," Ke Bc s Nd Rf am ff h l nc $a yb M la Hb r Ud j Cg sd Na W s Qa X Hb za ie Hn $f ie Da t Ab va s ba o H e C Eb aa b mk P Sb l e Tc ab oe _j b gb Zf Ta fi Ab e C fc yb xa u sa "jnb .L1" a k C rd ba ma Gd md k i wj ob Ab Sf dc k p Cf s rd ba ma pa xj n Pa M wj x qb Hb ob Ab Sf Ab e p Yc n y z b Yi tj a f C Sa N H o C fc mc x "sp" m a b $g Lk Ff "udivmodti4" od Y a C a Y ia M n cf xb Id Tk pg K ka Kb x a Ga Aa Tk b ob Ab Sf dc Dd r ba ma mc Ka n e z Ef Of Xa ba ma Tc xa ga n y hc nb sb a Ca Hc k l ma m y ng sb a ra x "sp" m A t dc d p r "0(" m y Me _b bc y i n y ha fc m "cx" H o C zk Ba dc c b xa u sa "jnb .L18" c C "-8" fc m "cx" mc x A m a b $g um u Kb Qn Qa n R Xa ba N Tc r ba N H ca s Y a C n qb Pd b gh l ib nf Of b r Sb l y gi bc ka m ia r "0(" Df m bb x a i fc m "cx" ng x "10," Gf Df $h a g t dc e p xa u i Hb "jb .L186" b $g sb a Ye Eb m y ea dc d t dc g p bc a m a b tj a da Ka ba N Tc r rb j l y gi Td Sb hi b Hc "-8" l "bp" m e Nc ea dc a t dc Bb Lf "dx" pc xj n Pa bc y i n y gc Gf m "cx" Gd T qb l o ug Wa f a bb bc wb zc y i Eb $h a da Ka ba N Tc r ba N mc yj Eb b gh hi b Hc Gf Df t dc va bc ka m ia tj a da ob dc bb sb a ta s bh Aa rf Mi rf ha E Y G zb mh Pk o b ch pg qg j tg x u i f h l db ab Gg ge ak b gb Zf "js .L173" ha Ud j Cg sd Na ia ff h l Ee o b ff v Na G Ic "450," ce Ff "assert" Fl f e d eb xh vh Pn ja _a Ji "21:" Aa q Fj "21:\n.L173:\nmovq 296" Dc Uk f e f sk f e Dd qd "304" Rb la zm Ci gf p Ce gf Mg gf Vc gf $e gf mm f e J gf Wc f e V f e vm ie J gf Wc ie V ie Ma "193" J gf af j f J gf Wc j f V j f Pg gf Ck Qk zf kb j Cg xk kb j j wm xm f q Jb dh j wm xm f q Yf c ta gd Gb f c Ok K wb bb Wg pm Rn Kk la zi la wl B Ad la Rb e h oj o H Pa s om lb H I Sd P n I z m u z Dn ia Ka n I z m R z hc nb ec k e Xa n I z kd Ka n u z m R z Ub k e p Vg f i mb ia ac j f k C zk s l e H o b Cf Lf Mb qa G Od Qa ic ym wb G Od "$48" m "sp" Ra "remember_state" tb c a C n wc zc N aa zm Ch Db sc ge rm Ub R mf Sg K e i n zc N m bb r ba N H oa s ic m a b Ka mb ka qa cf xb N ud Nk Xa Zg Fa Va P n I z m u z K a Ne wb G r l e cc Me m "bp\ncmovnb %rdx,%rsi\ncmovnb %r" a aa C Sc l db jd a z m a z b Hc lc ec y p r l e m a H I Sd "q %rbp,%r11" eh Pa s hb m a ed Sc F na Hc X na yh c l kc Pa s a Y zc ga pe C l o m a ed f bd I gc Ua db Od Ua kc "11\nadcq 40" Y Pa s Dc Od Yg W "adcq %r" u Kb M l e m a Nc _h a m a b x wb W Jg ga na x qb lc ob j f Sf j f ra ki ka qa o b Od n a aa "\nsub" P Zg Ef r l a Ga Me Ga hg T e i ic Ub dc p Va T o m I C a Y W Ta Ve A b We Ja Dc ac "215" b xa z nc m I eh f da ad Ja Yg cf xb I i n ca Od n wc o Aa Yb Vh q ea j f da ec L eb hb H a b jd Mn n A Kb x a i Ib qd f i Ib "adcq $0,%r" ca Hd T a b qd a m I K wb W Jg "8,-8" l I Gd T ga na x qb lc qd a aa ea "218\n.L214:\nor" Ja Dc Ta Ve f da Td f hd nf x N aa Aa Nk Sd P ba e we ia "jn" Dg f da s rd l e Df Ub Ab Am la Rb Qf x e i Pd zm Ch Db sc ge nn Ea Ra xc a e c ta fg Yb kb j zj f q zf kb j zj "1_\n.globl __udivti3\n." B rc Ll b pf va bk $ Hf e p bk "guess" Hf R Zc "r.compare" q ue "(y) < 0" Vi Bh dh Cm "_S6" Bm "RKT1_" Dm Jb dh Cm "_S6" Bm "RKT1_" Dm Vb h I Ia Gb L Sn "15,-16" b Gb f c tb F Oa "14,-24" Ik a Xl O Oa "13,-" O b Gb cg X Oa Fi pk wb Pa yf Qf cb Uj Kf c a Kk g h zi g h Hk yc x ka m oa B Ad "376" Rb c d Ca ei d h k l Vk xa o m G Ba j a c b xa vj hc Ve Qc Ub a Bb s ba "8)" sa r a k Y G Ic wf ia x a i ic K u Kb Em gc d d fh r a k Y o b x N _b ob "309\n.L226" p Va T wb G "sete %dl" b xa "12,%rcx\nsete %al\norb %al,%dl" eh j e C ba u yb Wk ca r Yk Ic wf ia x u Ga Ml " movsl" gc Xk x N _b x a i ic t d k Af n Id dh of ea "225" Ub j e p xa ka m G ac "230" ha a k Y oa r Yk zb mh Lk ch K N _b uf aa C rd Xk ab Pf j of K N Ga Fe R Ub d k Tb P ba u H R z b Jf P Zg Aj d f C l u H ca ab Qk ea Bj d f Tb P ba o we W gh _g A z b gb P n A z m A Ah Ja n A m bb ac j O b ih l o ug fi j O K ka m G ab oe _j K a Ga t d f k p vh Rk ea Bj O p Ka Zg Fa x a Ne Xg Qa pe Aa Rk b xa A i f fh s rd ba ma pa Hc Gf ug Dg d d hh "225" K u i ic K ii rl b gb Zf "js .L" Bj d d p r Yk zb mh gb "l %r9d,%r9d" Ml " stosl" qg Xk ac "235" C l a yb je Cc "dx" pc xj l u Gd Ja rd ba N Gd T ga wj x qb Hb ob Bj d g p Va md f i n A Aj d h C Sa "8)" Ga C l a mc "leaq 64" Y a C Sa u H ia s l u H ca Qn h c Y a C tc Y ia s Qa n cf xb Id Tk pg K ka Kb x a Ga Aa Tk ea Bj Ob p r ba ma yb ad P Zg m e z Cj f l e nf x ga Pd gc Ua db Of K A m ca ad Ja f bd ca bg Fa r f Rd gi ec d e Tb P Ld mb ca xa ka Kb Ta Dg d da s E Dc jd L z m L Ah "b $1,59" na Zh Ib r l u cc H ia r "-8" l u cc H W s Eb i X na M la na "jmp .L238\n.L23" Ye Sc Gf m "dx,8)\ninc" P Wd ob "239\n.L263" eb n $ lb Ga Aa Fm Ub h ra Zk g e na ac "267\n.L26" ta s ba N yb gh _g A z b xa A i f fh Yc mg hh Qc a hc nb Ha Pa ".L283" Tb nb Sc g e na ec d va s X Dc s fc m A Me Ga C "-8(%rbx" m A Me aa C _g ka b xa ka Ga hh F k K ka Kb $g Ff "udivti3" _a ih n ca "ja .L28" f C Qa n y Gm A ea "243" Ub X eb la Dc s _g ca x ka sa ef wb W ac "244" ha Ud j of sd Na ia bg v g pc ff h l Ee o b ff Sa Ee G Oe I Ub c Bb Ff "udivti3" _a M n y t F d Dj T y i n y hc Ve c f Tn Un e Na G bg v e pc Ha I uh "_assert" Fl j a Dd bg m "13d\n.L241:" K A m W ad Ja f bd W r Yk M lc Zh Ib gb "b %r15b,%r15b" ha Gf cc H zc ga F na s Rd yb Ta Ve c g b xa ga n y hc Dg c h ck T y i Ib "jmp .L30" h t F ta Ka Sa Cd Fa qd "256" aa Cj f hi C F Dc ji a k l "sp,%rax)\n" zb ec c e Tb P Ld mb ca Xi a Y ca "jn" Dg Qf Hc Ej $k ob F bb ec la p r a k Y zc ma Ne Id Fm ea "247\n.L245" eb Qa Eb b ci n ka b xa y i Eb Xb De ec wd hg T y i Ib Ha k ta M Rd Nc ea F da ec wd Tb P Sa Cd Fa qd "256" aa Cj f hi C F Dc ji Ej "ax)" Im g ra Yc ce Xi a Y ca "jn" Dg vc b Hc Ej $k ob "252\n.L251" Wn ma Ne Id dh zj f q Ub c Ye ba u H ca s _k Wk a ha ba "8)" aa Cj f Rd cc nf ki qb h k l db ab oe lg C _k Ka d d h l kc R z Xa "%edx" pc r f l ib m "dx" H I Sd T be "11\nsetne %r9b" b zb ec g g p Yc ce Xi a Y ca "jb .L253\naddq 2" c l kc a b $g je Cc o qa o b Lf Mb qa G ob j g c Ub g d eb Sc Ej $k ob "255\n.L25" Bb Va Cc "cx,60(%rsp)\njbe .L256" K y sa "mulq " l u Df hg T ga ic ym wb G x o i l a Df b Hd T ia x wc o b Lf Mb qa G ob j g c Ub g h eb ic sa ef wc W "setne %dl" b xa be I Aj g da Vn eh g da s d d bd W Yi x o i Ej "ax,8)\njmp .L258" Ub g jb xa be I Aj g a Xa d d h l Cd Fa r d d bd G gh hi Ub g va Vn eh g e Hm "r9b,%r9b" eh g e Im h Dd Yc ce xa "dx" m A Xb Dg h k b ci fc m $k ob Qc f t Qc k p x ii rf Aa Yb kb f rj q b Wk zc N Ne ii dh zj f q Fe "07\n.L259" Wn N aa K qb ic K qb lc ab Gg ge ak b gb Zf s a Y li "g .L263" C d d bd o C ba N gi ki o m R z Sd Cc o i mb ia Jm ka m R z Im h Bb Va Cc ga Zg Xb De ec h g b Wk G s fc sf m a C hb sf m e C n e i fc cc ng x a i hb cc ng qj ob Qc c Ub h g p x o i ba N Gd T Xg Nd Ne ka i Xk ab Pf j mi f q t "307:\nxorl $1,%r15d\n" ob Qc Ca ec h jb Ka ba ma Tc Yi "cmpq $0," Gf cc ng M n o Xb fi j h h C Ua kc G Of ea j h da Ha u p x Xn "ns .L283" Fe y t Qc a Dj "b %r15b" m L $ eh v f t j v e p Jf P mg hc Ve tc b ih Hb Ta Ve v f t j v ra s k vf bc Km "ne .L308" Xa ba ma nf s Ua kc G Of C Gf yb bc Km Ve "75\n.L308" p yj fl wj ob j v c t "275:\ncmpl $1," ba ma pa ac "276" qg wj vh fa hl Ea ea "274\n.L276:\norq $-1" sa bg qa o gc Gf Gd T ga qe ec v va ki o i Wd r "0(" Oc sf _b s hd yb bc Km fi j v da x qb hd ")\nincl %esi\njmp .L278\n.L27" jb zn Oc aa C Qa hd pa ab on Ub v c p x N Kb x u Ga Mi Fm Ub v aj Xn "s .L225" Tn Ic "309," ce Un R Na G Oe I t d f d Dj "b %r15b,%r15b" Aj v e Ub j g p s d h k l kc W Uk "280\n" Ff Il j a k p qd d v h Rb g h b tf Qf al X b nd n cg O ub y tb F ub A Ra Rc E ub L tb Ci e h I Wh Pf j of zf kb j of Rh uc "5clon" _ Ei Gg uc "5cloneE" Ea ye "980" a Ia Uc "9808" Lm Gj h c Kl O b za j ra ya "_Znwm" Zd j ra uf pn j d Jc me dg vb j d p r F l ma Mm F l Gi za F Jc Ak ni vb F eb "%rbx" sa nd qe vo d f v mf Sg le wf o pg gc n yc ya Jl _a $d Ha j f t d f va M Oc C fc ed Nd ud "*24" yi Ha j f eb bh b za j g uh Fj j g lm k va Ce "980" va Q lf Xc a Vc Xc a t sh "CSB980" va vd Ed j j J Xc a Wc j bl j Ca Q Tf _d j d J Nm d V j d Ma d f v J Xc a af j c J Nm c V F Ma "318" J Xc a af j g J Nm g V j g Pg Xc va zh Fb uc Vd Ea La Fb uc Vd Ea Rh pd Vd Ea Jb Fb pd Vd Ea ye "979" a Ia Uc "979" a Lm Gj h c Kl O b za j ta ya "_Znwm" Zd Qc Da K ma pn j jb ab Ae dg vb j jb r F l ma Mm F l Gi za j a Jc Ak ni vb j a eb "%rbx" Zn O g p cb Sg le wf o pg gc n yc ya Jl _a $d Ha j bb Ha Qc eb Qa Oc Yn Ha j Af n ma Je j e p Og j e p cb xc Ya va Ce Ya va Q lf Ya a Vc Ya a $e Ya va vd Ed j h J Ya a Wc j h V Qc vm j v J Om v V j v Ma O g J Ya a af j a J Om a V j a Ma O h J Ya a af j e J Om e V j bb Pm Ya va zh Fb pd Vd Ea La Fb pd Vd Ea Rh Kc Vd Ea Jb Fb Kc Vd Ea ye "979" d Ia Uc "9793" Lm Gj tc Kl O b za d k uh "Znwm" Zd d k Tb "q %rbp,%r" cf xb ga Pd C xh za d f Jc Fd dg vb d f p r Ua ma Mm Ua N mc za O p ab kf E Te ni vb O p x N Zn "333" mf Sg le tc Ef x Xg Qa Oc Aa Jl _a $d Ha d da Ha $b eb Qa Oc Yn Ha d Ye bh b za d d p Og d d mf xc Ya d p Ce Ya d Mg Ya d Vc Ya d $e Ya d mm d k J Ya d D Md $f d k V d k D Tf _d d f Qm f V d f Ma "333" J Ya d D ze _d O Qm bl O Ma d d c J Ya d af d d Qm d V d d D Tf t zg Ya d Ck Gg Kc Vd Ea La Fb Kc Vd Ea Kh oi ".startup,\"ax" Lh Lc "_GLOBAL__sub_I_a" Jb q cl Vb "825" Ia Ai " _ZStL8__ioinit" Na G Bl E Aa Cb "t8ios_base4InitC1" Lb od Cb "t8ios_base4InitD1Ev@GOTPCREL" Na G r "__dso_handle" Na ca r Rm Na o b nd Ib cb Rc Ch eg "atexit" Zj "9825" se q cl La q cl Kh "init_array,\"aw" Ac ee "8\n.quad " q cl Kh Ll D "LC1" f Zc "+-01234567" Hf u p bk "+-xXabcdefABCDEF0123456789" Hf y Zc "+-01234567" a e Hf A p bk "+-" Hf L Zc "0x" Hf E Zc k Hf Ab Zc $n ".hpp\"\n.LC18" Zc "Unexpected content found while parsing character string" Q Hf f e Zc "Unexpected character encountered in input" Q Ac B rc dn D ee O b pf k p Q Jd R S R k D Jd R pb S R pb dk k dk pb dk pb k dk pb ek k ek pb ek pb k ek pb pi k pi pb pi pb k pi pb pb pi pb k pb pi "00000000000\n." oi D Bh Yb "rsINS0_" kb f g Bg "ELNS0_26expression_template_op" Sj "E0EEERSiS8_RNS0_6numberIT_XT0_EE" w Yh Yd Hj w Vb j a k p gd Uc "9280\n" Gb f g _n Ik A Xl ho pk wc Pa io bi "696" Rb v g Ca ei h a k l Vk s hb H W r E k l Cd m ma ha X k l kc oa r E l $ $a H ca s Kg ed Sc E lc x qb E k na uj Ab fh Ka F l wc ib Tc Yc n L z b de a m L z b de wf W Yc lc Ba $b f b hf f gj $b Jc og di vb $b p r f e j l kc y K Sm K y Je d g Jc Mh he vb d g Da ea "445\n.L341" p gb P n L z m L z b Ba $b d ha pf u gj Ob Jc og di vb Ob p r j F te m y K Sm K y Je d jb ab Mh he vb d jb jh c g t $b d p r pf y gj d va ya Cb Tm di vb d va r ba Cd m y K Sm K y Je d e Jc Mh he vb "39:\n.L44" g p s n y Ne Id Xe "aSEOS4" q _a s Ih qn ag w Pe od Nd aa lh Pe _a ih E lc Ba $b c b gb P n L z m L z b ac "345\n.L349:\ncmpl $0,8(%r" db Ta fi $b h Fe "47\n.L345" eb E k Dc "cmpb $48," yi ac "348\ncmpb $120,1(%rax)\n" Ba $b bb Ha la p r pf A Na o b Jg Id _f og "17find_first_not_ofEPKcm" _a hf g Na ca um ma Je X Jc og "6insertEm" rn Oe c e t $b ta s E k Dc Um yi ac c wd t $b Ye E k Y L b Cf bc "15,%r15\nje .L351" b We md Sb _b zb s n L aa Ml "nz scasb" b ci n ia r Sb hd H ca Oe vc t c g k p hf c l Ee o b Lf Ki Id Zm ah jf ke b hf h l Ee zc ga ic K Id Xe h jo Oe c da Ha vc Dj T qb qe s rd ba A pa Hc l A pa uj lc Ba "407\ncmpb $45,(%r15)\njn" Wa "353\ninc" T L Gm ca fb nb rd lc Ba X da Ha g d p Va nb Nl l L Gd "l $10,%esi\njne .L352\n" sm n li Wa "354\nmovb 1" l "15),%al\nandl $-33" Fa qi "88,%al\njne .L354" _h j m L bi j Kb bg h qa o ea "352\n.L35" Bb yj qe Ic a qa o ea "352\n.L40" jb Ka "$10,%esi" t d g ra zb mh x N aa b bc wb ca ch qg h g fh Ba Ob da Vg E Ef ac "356\n.L35" va Um l L Nc hc Wa d g da Hd T L Fe g a t d g jb je Zf We md Sb _b x L i Pd ao b jd y z m y Ah Ja Eb i ic b ci n o ha "-4(" Ga i c yb If c sa "jbe .L359\n" r rb c l ib H y t d g Af n y i ic ha ba Gi "shrq $6" Ga b Hd T o Aa Yb Ag lg Xa h g h l Cd pc "movl $272" kd rg x N aa "\nsalq $3," qe Ff "memset_chk" ke t Ob ta fb nb l "15),%dl" Hm "dl,%dl" Dh "360\nleal -48(%rdx" Tc qi "9,%al\nmovsbl %dl" Fa "ja .L361\nsubl $48" Fa "jmp .L446" t Ob f p Td "-97" Rd we ia qi "5,%cl" hh Ob d ck qc a v Fa "jmp .L446" t Ob d p ad qc h g pc qi "5,%dl" hh Ob c ck "l $55,%" _ W Za c ta Ka kh kd ji qe "cltq\nshrq $6" Kb xa ka Kb "jnb .L365" K y _b de h d kd "salq %cl" sa ef ga fc m "dx,8)" Fe h g t Ob Bb hf v Nb r f u Y oa hf Sa Ee o C "$1737," Ke db M X na r Ud L Bg E Vm Bf ah Th bo sd Na W s Nd Rf la na ya Cb Ni "C1" ah Zd X p r X Y o b Ji "41:" Aa fa Uh vb "41:" t Ob g p Wm bi c m y ea Ob h t Ob e p We md Sb _b zb s n L aa ao b jd y z m y Ah Ja Eb i qe ci n zc qb Eb b Jf T ia r hd m "cx,2" gi If "3,%rcx\njbe .L371" b r "-3" hd H y t d v aj y i Ib r ba N H G "shrq $6" sa qj M pe Xa pe Fa Yc mb o Xa Ld j a na ya Nk Xa kh pc "movl $272" kd rg x N aa b Zh qe Ff "memset_chk" _a r X k l kc ca Ha v jb fb B $ P l "15),%" _ W co Ij vc t Ob k p dl G ab on Fe "67\n.L356:\nmovabsq $10" el el k i n W Va qc a Ef M pe hc Wa "368\n.L370" p Um l L Nc hc Wa Ob bb Wm Fe v k t c g Dd Td "-48(%rax" we ia qi "7,%cl" hh d tc Xa kh kd ji ic "\nshrq $6" Ga b xa vj "\njb .L373" Fe v c t d tc p r pf Ab Nb r "128" Y oa hf a Na o C "$1771,80(%r" db M h c do tc na za c ra ya Db Hg Ni "C1" ah Zd c ra r h c Y o b Ji c d p ab Uh vb "43:\n.L373" p ad qc la Fa ji Eb ha "0(" Ga Me m "10\ncltq" b de h d kd M n G "salq %cl" aa b ef Mb i l wb R pa If "61," Eb Xb De Ha v c b fb qc h c qa G ad Cc "cx,%e" G ki Mb kd "shrq %cl" sa bc ga fl Eb Xb Wa "374" ha f l o H I Sd T I i pe hc Wa "376" Xa j a te Fa r om lb mc Td f hi t "376" Tb P kh Fa xa ga n I hc "b .L374" b ef ka i Sa "dx" m R pa Ha v Bb Wm bi d i n y Fe v da Ha a d Tb B $ P k l y Tc Ka n y z pc ad P n L z pc Td "-48(%rax),%r9d" Sd "b $9,%r9b" hh "378\nimulq $10,%rcx,%rcx\nsubl $48" Fa Hd T "13\ncltq" hg T ga Eb b Zk k l y Nc hc Wa c c Ca x ka i Ua db r ba kc G ff k l Ee o Xa "$36" kd "rep movsl" oj "sp,%rdx,8)" sa M pe t d a ra Va md k i pe hc Wa d a c C rd gl Hc X k l db Ha a g p r Ua kc ca x N Ne Xg n y m L Aa Yb kb u pj t Ob va Zk l L ug Wa Ob da Hc Ua db r f Sa L mc x L i n y b rg $g Oe a Sf d v va gb "b %sil,%sil" Dh d a f C Eb i Ua db Ha a Dd r pf Ab Nb r "144" Y oa hf e Na o C "$1813,104(%r" db M a a do e h na za c Bb ya Cb Ni "C1" ah Zd c Bb r a a Y o b Ji c g Jc Uh vb "45:\n.L44" ra Va T wc y Eh "$1,%sil" hc Wa d a d C Eb i Ua db Oe "82\n.L38" c Tb P kh Fa x N _b jd Ym b jd e z m e z ha fc sf m o b Ha a jb xa vj Dh d a h C f bd W x e i n R K a m "9\nmulq " hd pa Od Qa n e ym wb R K e i l ka Nc _h a _b x be bb In K e i fk x be bb Oe a da Ha a ta s n e i Ib ef a sa Ba d a e C kh Kb r ba N H G Td f Rd nf Of Sd Cc qb gl "jbe .L38" e Xa mb Ki "8,400" l "sp,%rdx,8)\n.L38" Af n ii rf Fe a g t Ob jb Zk lc Ba "391" b dl G ab hl Ea t d e Dd s ba A ed kh _b Yc ce Va P Ld mb ia Jm ka qa ca zb Ha e d p Va P Ld mb li De Ha e Ca s fc sf m o b s l A m "ax,8)" wg o i $c n A sf C Pd i fc cc ng qj Oe e d t d e ra x ka i ba A Nc ea "394\n.L41" ta jh c e t c Ab Da ea "449\n.L418:\n.L44" Af n Xg Qa lc eo ja "@PLT" ea c c da Ha c Bb s l u ed Kg H G Od n u aa b gb "b $5," Ua Mb pa ac "394\nmovl $4" Ef za c ta ya Db Hg mo "8setstateESt12_Ios_Iostat" _ Zd c ta Ha e c eb bh lh Pe od h a k Y oa sn m oa s n u sa Ba "404" sk c f ra ".L448" eb "%rbx" Rf lc Jj Pe ke t c c Ye _k Oe e h t c A p jh Qf Za L Da ea "448\n.L413:\n.L39" ta s bh gc lc Jj Pe od _k M n G za c jb Og c jg "L404" Am "696" Rb fo "9280:\n" Ce Xm Q lf "928" k Vc Ge Di Xm vd Ed $b J Ge Qd $b V d c Ma "413" J Ge Q ze _d d g sg d g V d g Ma c f j J Ge Kd Ob sg Ob V d h Ma ri d v J gk d v V d da vd c f c J Ge Kd d a sg d a V d a D Md ri d e sg d e V d e Ma "415" J Ge Kd X sg X V c k Ma ri c f sg c f V c f Ma c f h J Ge Kd c j J Ge Qd c bl c Ca vd ri c d sg c d V c d D Md c f v J Ge Kd c c J gk c c V c c Ma ri c g sg c g V c g Ma c f a J Ge Kd c h J gk c h V c h Ma ri c v J gk c v V c da Pm Xm zh Yb Hj w zf Hj w qm ie Zc "0X" Ac B rc go D "globl " Kj Lc Kj Jb Kj Yf k va gd Uc "8908\n" Gb f g _n ha Zb Na o b Gb ok ho X b r "_ZSt3cin" Na G io le a m u z bi "1512,%rsp" tb L h a b ei A e h l Vk za c va ab Yd Hj w ha $ Sk ga Pd ha u a te m y Aa Yb Hj w vb la p r u a Y G zb r $ Na ca mh r Zb Na o b ch b s Ih qg d a c l db ab Pf j zj f q C "_ZSt4cout" Nb r Db fd Lj Na ca s Kg H W Ka F l wb ib Tc gb "b $64,%al" Xa Ld na Ta Ij g d b de a Fa Vg f i Wd "sbbl %r12d,%r12d" b de "-6" m u z b ti "$16,%r12d" t c g d p r nh yc s d a c l kc A Cj "-8" l u we ca s Sc v j l db uj a k l B qk r E vf M h c na Ka n A z Fa "sall $6" Fa de rb e i ce ac "454" b jd Ym Sd qc a m u z le f i ce "setne %r8" $ ha u f bd G s n y Ga _h "3,%r8\nmovb %r8b,%cl" Xa mg i a na "sall %cl" pc fb qc h c kd gh Rd we oa Cf xj fk ki N i j c l db Em b rg uf aa C "%r14,14" tg bc wb zc wb oa Ic la pc "setne %sil" gc pe hg T ga ic b za c e Jc og h il w Nj Ka te qa yc s si W r "121" bd I b de "16384,%e" yc r Sb _g bb Vg "1,%ebp\nsbb" Cc Ki e i fk de O pc ti ld h g pc Za h g p Ka n e z Fa ad P n a z Fa xa ga pe Xb De Za g da fb nb F te ",%cl\nandl 1216(%rsp)" kd Td la hd Tc qi "57,%al\njbe .L458" b gh "0(%rcx,%rdx" Tc Za g a eb nh ia "movb %al," hd m a Gd Ja A si W M n L b de "4294967295" m L z b ac c g bb Za h ra s rd A tg Hc u f h l Cd ea "460\n.L459" p Td "-1(%rax" we ia s "1216(%rsp,%rcx,8)" wg vj Eh Sa Cd hk "shrq %cl" aa b gb T wc G ac wd da gb Cc o qa o hc Wa "461" ea "462\n.L46" d p r ba I mc Of t c h k p yj fk $d Za h g t c g jb bc N m oa Ba "466" le f i Wd "movb %bl,%cl" C nh ca "sall %cl" Fa Yi "andl 1216(%rsp)" Fa ti ld la Fa "movb %al," Rd m a pa Za h ta r nh oa Cf Ic la Ef x ii Zm "Ecm" _a If Sb sa s si li Ij h da bc wb li Wa c h da r Sb Rd yb Za h Ye Qa qe rg x N aa lh "5eraseEmm" _a Ka te qa W "btl $9," $m "c .L469\n" Vg a m u z b hf h l Ee li Wa "470" b hf g Na ca ff ie Nb gb Cc ma qa yc Hl "ne %rax," qe Za v k p je Cc o qa o Mi Xe h jo $d Za h bb Za g Bb Ic d i mb ia Jg ma aa "\ndiv" Cc ia Ka Nl ce Td f l ib nf Jj h il w Nj Bi w c Af si W dl G Ic wf ia ji ic K A i gl dl Pa Em ha h tc Y G r Sb _g oa Ic h a kd zb Jf P n A z ha h tc Y A b ch qg "928" na Ta Ij tc ha e h te m y ha u f bd Pa s X k Y oa r Ua kc L b Hc R c l db uj I j l db r E l y yb fb nb Nl Ke db Ic la i h k l db s n L aa K N i X na M e h na r j l u ed Qa u h c na r c j l u ed Qa u tg M la na ya Cb "t6localeC1" ik za g k hn "l _ZNSt" Mj "7classicEv" _a um L i Pd Aa _f fd Mj "eq" nj q _a co Wa c v d ha X Y G ab bj Lb gc n A ea "474\n.L473" eb n L aa Aa "_ZSt9use_facetINS" U jk "8numpunctIcEEERKT_RK" fd Mj _a r "944" Y A gc n cf xb ga lc x A m G ab "KS" U jk ko "8grouping" ik Bi w g k p s e g j l kc W bc ga fl pe Dh "475" C "944" Dc "cmpb $0,(%rax)\njg .L476" t "475" p r X Y G ab bj Lb gc n A ea c v da Za v h Tb Ja a Y G za "51:" Aa _f fd jk ko "13thousands_sep" ik kl Dd s "944" Y bb r c j l u H "si\nmovb %al,%r10b" b jd Ym le be I Ah nb l "9),%cl" Eh "%cl,%dil" t "480" Dj "b %dil,%dil" hc Wa "478\nincq %r" a Sd T a i f fh "jbe .L479" Eh l e m "8),%cl" Hm "cl,%cl\njg .L479\nmovb $127" hk Za v e Tb "b %r10b,-1(%rsi)\nmovb %cl,%dil" Gm o b Za v va x N sa Cf r Sb l o H "14\ndiv" T I b Jf P mb G ti ld la pc bc ga fl n oa "movb %dl,-1(%rsi" Gd T A m o Xb Ij a k t c v jb r "944" Y G Jj Pe ke t c v c p x L i Pd qn Mj ja "@PLT" C e h Y o C R c l kc ca r c j l u H a C n A m ia s Ih K "14,1264" na x "8,1" j tg Od ic Kb za g ra ya Db Hg Tm "7replaceEN9__gnu_cxx17__normal_iteratorIPKcS4_EES9_S8_S8_" Zd g ra uf wg y i ic lh "aSEOS4" q _a s Ih lh Pe ke ea c a g t vc g p s n A Rf na ya Cb U ag w Pe od Dc jh a Sf vc Bb Za a d Tb T L Rf na ya Cb U Mj ja "@PLT" C Dc jh a c t "513:\n.L48" c eb n y Rf lo jh a h t c tc p r "944" Y G mh r "944" Y L ha u f bd y b ch "\nmovabsq $10" el el k i n ib qg u pb na x "ax,944" na Za e ra Va qc f i gl ac c a da ih X k l db Ta Wa c a g t la jb r u f bd G mh zb s n L Kb x u Ga b ch b fb T A m ia s Ih qg A tg za g d uh Oi j of K y Ne u i Pd Aa Rk C h tc Dc r Sb Sa N H o Xa "$10,%ecx\n.L491:" b Cf s nh G xj Eb b ti ld la pc "movb %dl,(%r" wc Bc yj n oa If Sb m oa Ba c e Ca xa o m oa ac c e f ea "492\n.L485:\n" Cf Ic la Ef vh Zm "Ecm" _a rg M n zc ma aa lh "5eraseEmm" _a ih tg Ba "493\n.L496" Tb P te qa W "btl $11," $m "c .L469\n" jl c j t "493" p r pf E Sk Id Xe "aSE" rn jh e h t g c ra Ic c d kd Ka "$1,%edx\n" rg vh Xe "6insertEm" Nj kl d Da ea "469\n.L5" u p Za a ta r nh G s Qa lo M n G jl c f t c h Af Db fd Lj Nb r Db fd Lj Na Pa r nh oa s Kg H G Od n u aa C E hb H yc Xi si yc "jg .L497" t wd k p r Db fd Lj Na G x N Ga t Ed g Bb ya "_ZStls" Nh "SaIcEERSt13basic_ostreamIT_T0_ES7_RKNS" U jk "12ba" ln "IS4_S5_T1_EE" Zd g Bb M Oc C Nd ud Cb U ag w Pe od bh b za g g p ya "_ZSt4endl" Nh "ERSt13basic_ostreamIT_T0_ES6" q _a kl g p zb s A e h Y oa sn m oa Ba wd Ca Ff Il "497:\n.LEHB56" Jc "KS" mo "4fill" ik "movsbl %al," ce s Db fd Lj Nb uf Ga ck Ja si o C Kg H W gb "b $32,24(%r12,%rax" ug Wa "499" Mi Xe "6append" w Nj jl pb t "499" Tb "l %edx,%e" ia s Nd wg o i qe rg Jj "6insertEm" Nj kl ta jl pb t vc aj ga Oc Mi Cb U ag w Pe od bh t g c Dd za g jb Og g jb Pc g k jb Yc mb o t "461" Tb qc wf W ad P Sa Cd Fa jd y z m y z Xa Ld j a na Za h c Tb P n y z m R z Eh Sa Cd hk r "0(" m R Me m A b Hd T R ha $c Yg A mc s hb H W "shrq %cl" sa xa be L gc dd "jbe .L463" C u F l B $a m A H R Eh j a te hk "incl %r13d\nsalq %cl" m R b ef be W M dd ob c h c t wd ra qd L u Rb fo Pi va Ce Pi va Q lf Pi a Vc cd Di Pi va vd Ed la J cd Qd c a V Qf Q Tf _d c e J cd Qd c e V c e Ma vc j J cd Kd wd J cd Qd wd V g k Ma vc c J cd Kd vc _m vc V g f Ma vc g J cd Kd g j J cd Qd g bl g Ca vd vc d J cd Kd g d _m g d V g d D Md vc j J cd Kd g c _m g c V g c Ma vc f J cd Kd g g J cd Qd g g V g g vm g h J cd Qd g h V g h Ma vc f J cd Kd g v J cd Qd g v V g da Pm Pi va Q B rc go D B _c Kj La Kj kk D ee O Lc Db Oi Ol sd ",@object" D B _c Ud Ol sd ",458\n" Ud Ol sd ":\n.ascii \"void boost::" sj Bd Qi Bd Li "<MinBit" Ac an "s,MaxBits,SignType,Checked,Allocator>::" Vm Bf $c He "const char*,const false_&) [with " ue " int MinBits = 204" He "8;" Z ue " int MaxBi" Ac Bf " \"ts = 2048;" Z xe bn " SignType = (" qh Bd sj Bd bn ")0;" Z xe re "_check_type Checked" oh $c xe re "_check_type)0; Allocator = void; mpl_::false_ = mpl_::bool_<false>]" Ac ee E Ri "SN" Si Ti ua Ec Uf i f bb ua Ec Uf Zc Uf Ac B rc "data.rel.ro" cn Lh D ee a D Bh Pb if Si Mc jc Uf ",16\n" Pb Uf Da D Jd ph "10__cxxabiv117__class_type_infoE+16" S ua Ec Uf kk Ql "TSN" Ak ll w Mc Ec Vf ",39\n_ZT" Ec Vf Zc sc h Te ll w Ac B rc lk Eg Pb Vf Mc jc Vf i E b Pb Vf Pl I v q tn ua Ec Vf kk D ee E Lc "_ZTSN" $j w Mc "SN" $j "E,27\n_ZT" Ec ol Zc sc h Wb w nl sc h Wb w Mc jc sc h Wb "E,24" b Pb sc h Wb w Pl "120__si_clas" wo ua Ec ol S Pb "St8bad_" pl no me w Mc "SN" me "E,41\n_ZTSN" me w Zc sc uc w nl sc uc w Mc jc ne "E,72" b Pb ne w Pl "121__vmi" tn "_ZTSN" me "E\n.long 0\n." ml d D Jd Pb Vf S Ca Q Jd Pb yg kj Tg S ie wd S Pb Uf S h A h b Q B rc dn Ql "TSN" Ui Mc "SN" Ui ",40\n_ZTSN" Ui Zc sc pd w nl bf Mc jc bf i tc b Pb bf oo "SN" Ui po yg d Ng qo "6146" no Fd w Mc "SN" Fd "E,45\n_ZTSN" Fd w Zc sc Kc w nl ui Mc jc ui i tc b Pb ui oo "SN" Fd w po ol qo "8194" Eg ph Si Mc "VN" Si ",32\n_ZTVN" Si Oj k D Jd Pb Uf S eg "pure_virtual\n" Q Jd en Q ee a D Bh ua Qe Rl Mc Qe Rl ",48\n" ua Qe Rl Pj Vf S en Q Jd en Q Jd k D Jd k D B rc lk Q Ii oc cn Lh Eg ua Qe h Wb w Mc Qe h Wb "E,40\n_ZT" Qe h Wb w Pj ol S Xd Wb ja S Xd Wb wa S Wi D B rc lk Eg ph me w Mc Qe uc "E,120\n_ZT" Qe uc w Pj ne w S Fb uc Vd Ea S Fb uc yd Lb S zd ja S zd wa S "-8" S Pb ne w S Xh ja S Xh wa S _f fd y Ng "4whatEv" S rb F S Pb ne w S ua kg ja S ua kg wa Eg ph Ui Mc "V" bf ",120\n_ZTV" bf Pj bf S Fb pd Vd Ea S Fb pd yd Lb S cj S _e wa S "-8" S Pb bf S Yl S ua wh wa S _f fd y Ng "4whatEv" S rb F S Pb bf S Qh ja S Qh wa Kh lk Q Ii oc Eg ph Fd w Mc Qe Kc "E,120\n_ZT" Qe Kc w Pj ui S Fb Kc Vd Ea S Fb Kc yd Lb S id ja S id wa S "-8" S Pb ui S ij ja S ij wa S Wi D Jd rb O S Pb ui S jj ja S jj wa kk Ql Oi j Cg sd Ti Ud j Cg sd ",438\n" Ud j Cg sd Da D an Rg Jk Z xo Gl "_unsig" He "ned_helper(CppInt1*," Rj Wf "2&," xe He "limb_type,CppInt1&) [with " Qj oh xe He $ Ac Bf " \"a" ql B Bd Li "<2048,2048," $c xe Sl ">; " Wf j oh xe Qi Bd Li "<" Tl "; " xe "limb_type = " ml ml ue " int]" Ac ee O Lc Db Oi j of sd Ti Ud j of sd ",477\n" Ud j of sd so Gl "_unsig" He "ned_helper(CppInt1*," Rj Wf "2&," Rj Wf "3&," Qj He "&) [with " Qj oh xe Qi Bd re q He "backend<" un $c qh Bd vn Ac Bf " \"on::" Sl ro Wf d wn Tl "]" Ac ee O Lc Db Oi fn Ti Ud fn ",472" b Ud fn so "subtract_uns" He "igned" q Rg Jk $c Qj "&," Rj Wf "2&," Rj Wf "3&) [w" He "ith " Qj oh xe Qi Bd re "_backe" He "nd<" un $c qh Bd vn Ac Bf " \"on::" Sl ro Wf d wn Tl "]\"\n.data" D ee O Lc "b,@" xn "b,272\nb" Oj "0\n.zero 248\n.quad 1\n.zero 8\n." ee O Lc Zb Ti "a,272\na" Oj "0\n.zero 248\n.quad 1\n.zero 8\n." Ii oc Z Rm D "comm" Z Rm ",1,1\n.hidden " Fh D "weak DW.ref." q xl Kh "data.rel.local." Fh cn "G" Lh i Fh ",comdat" Eg Fh ",@" xn Fh i a b Fh Oj q xl D "hidden __dso_handle\n.ident \"GCC: (Ubuntu 7.5.0-3ubuntu1~18.04) 7.5.0" Ac B rc "note.GNU-stack,\"" Lh b);
